# JRE version: OpenJDK Runtime Environment (8.0-b08) (build 1.8.0-282-b08)
# Java VM: OpenJDK 64-Bit Server VM (25.71-b08 mixed mode windows-amd64 compressed oops)
Heap:
 PSYoungGen      total 152576K, used 85641K [0x0000000716500000, 0x0000000720f00000, 0x00000007c0000000)
  eden space 131072K, 54% used [0x0000000716500000,0x000000071ab2d4b8,0x000000071e500000)
  from space 21504K, 64% used [0x000000071fa00000,0x0000000720774f88,0x0000000720f00000)
  to   space 21504K, 0% used [0x000000071e500000,0x000000071e500000,0x000000071fa00000)
 ParOldGen       total 348160K, used 40K [0x00000005c2e00000, 0x00000005d8200000, 0x0000000716500000)
  object space 348160K, 0% used [0x00000005c2e00000,0x00000005c2e0a000,0x00000005d8200000)
 Metaspace       used 19979K, capacity 20486K, committed 20608K, reserved 1067008K
  class space    used 2244K, capacity 2391K, committed 2432K, reserved 1048576K
GC Heap History (4 events):
Event: 1.971 GC heap before
{Heap before GC invocations=1 (full 0):
 PSYoungGen      total 152576K, used 131072K [0x0000000716500000, 0x0000000720f00000, 0x00000007c0000000)
  eden space 131072K, 100% used [0x0000000716500000,0x000000071e500000,0x000000071e500000)
  from space 21504K, 0% used [0x000000071fa00000,0x000000071fa00000,0x0000000720f00000)
  to   space 21504K, 0% used [0x000000071e500000,0x000000071e500000,0x000000071fa00000)
 ParOldGen       total 348160K, used 0K [0x00000005c2e00000, 0x00000005d8200000, 0x0000000716500000)
  object space 348160K, 0% used [0x00000005c2e00000,0x00000005c2e00000,0x00000005d8200000)
 Metaspace       used 15816K, capacity 16078K, committed 16384K, reserved 1062912K
  class space    used 1888K, capacity 1978K, committed 2048K, reserved 1048576K
Event: 1.984 GC heap after
Heap after GC invocations=1 (full 0):
 PSYoungGen      total 152576K, used 18491K [0x0000000716500000, 0x0000000720f00000, 0x00000007c0000000)
  eden space 131072K, 0% used [0x0000000716500000,0x0000000716500000,0x000000071e500000)
  from space 21504K, 85% used [0x000000071e500000,0x000000071f70ef18,0x000000071fa00000)
  to   space 21504K, 0% used [0x000000071fa00000,0x000000071fa00000,0x0000000720f00000)
 ParOldGen       total 348160K, used 24K [0x00000005c2e00000, 0x00000005d8200000, 0x0000000716500000)
  object space 348160K, 0% used [0x00000005c2e00000,0x00000005c2e06000,0x00000005d8200000)
 Metaspace       used 15816K, capacity 16078K, committed 16384K, reserved 1062912K
  class space    used 1888K, capacity 1978K, committed 2048K, reserved 1048576K
}
Event: 3.676 GC heap before
{Heap before GC invocations=2 (full 0):
 PSYoungGen      total 152576K, used 149563K [0x0000000716500000, 0x0000000720f00000, 0x00000007c0000000)
  eden space 131072K, 100% used [0x0000000716500000,0x000000071e500000,0x000000071e500000)
  from space 21504K, 85% used [0x000000071e500000,0x000000071f70ef18,0x000000071fa00000)
  to   space 21504K, 0% used [0x000000071fa00000,0x000000071fa00000,0x0000000720f00000)
 ParOldGen       total 348160K, used 24K [0x00000005c2e00000, 0x00000005d8200000, 0x0000000716500000)
  object space 348160K, 0% used [0x00000005c2e00000,0x00000005c2e06000,0x00000005d8200000)
 Metaspace       used 17523K, capacity 17884K, committed 18048K, reserved 1064960K
  class space    used 2011K, capacity 2123K, committed 2176K, reserved 1048576K
Event: 3.685 GC heap after
Heap after GC invocations=2 (full 0):
 PSYoungGen      total 152576K, used 13779K [0x0000000716500000, 0x0000000720f00000, 0x00000007c0000000)
  eden space 131072K, 0% used [0x0000000716500000,0x0000000716500000,0x000000071e500000)
  from space 21504K, 64% used [0x000000071fa00000,0x0000000720774f88,0x0000000720f00000)
  to   space 21504K, 0% used [0x000000071e500000,0x000000071e500000,0x000000071fa00000)
 ParOldGen       total 348160K, used 40K [0x00000005c2e00000, 0x00000005d8200000, 0x0000000716500000)
  object space 348160K, 0% used [0x00000005c2e00000,0x00000005c2e0a000,0x00000005d8200000)
 Metaspace       used 17523K, capacity 17884K, committed 18048K, reserved 1064960K
  class space    used 2011K, capacity 2123K, committed 2176K, reserved 1048576K
}

