# JRE version: OpenJDK Runtime Environment (8.0-b08) (build 1.8.0-282-b08)
# Java VM: OpenJDK 64-Bit Server VM (25.71-b08 mixed mode windows-amd64 compressed oops)
Heap:
 PSYoungGen      total 152576K, used 68501K [0x0000000716500000, 0x0000000720f00000, 0x00000007c0000000)
  eden space 131072K, 42% used [0x0000000716500000,0x0000000719b6ac18,0x000000071e500000)
  from space 21504K, 59% used [0x000000071fa00000,0x000000072067ab70,0x0000000720f00000)
  to   space 21504K, 0% used [0x000000071e500000,0x000000071e500000,0x000000071fa00000)
 ParOldGen       total 242688K, used 14040K [0x00000005c2e00000, 0x00000005d1b00000, 0x0000000716500000)
  object space 242688K, 5% used [0x00000005c2e00000,0x00000005c3bb6288,0x00000005d1b00000)
 Metaspace       used 31598K, capacity 34000K, committed 34176K, reserved 1079296K
  class space    used 4197K, capacity 4618K, committed 4736K, reserved 1048576K
GC Heap History (6 events):
Event: 2.203 GC heap before
{Heap before GC invocations=1 (full 0):
 PSYoungGen      total 152576K, used 123215K [0x0000000716500000, 0x0000000720f00000, 0x00000007c0000000)
  eden space 131072K, 94% used [0x0000000716500000,0x000000071dd53e48,0x000000071e500000)
  from space 21504K, 0% used [0x000000071fa00000,0x000000071fa00000,0x0000000720f00000)
  to   space 21504K, 0% used [0x000000071e500000,0x000000071e500000,0x000000071fa00000)
 ParOldGen       total 348160K, used 0K [0x00000005c2e00000, 0x00000005d8200000, 0x0000000716500000)
  object space 348160K, 0% used [0x00000005c2e00000,0x00000005c2e00000,0x00000005d8200000)
 Metaspace       used 19768K, capacity 21186K, committed 21296K, reserved 1067008K
  class space    used 2565K, capacity 2859K, committed 2944K, reserved 1048576K
Event: 2.213 GC heap after
Heap after GC invocations=1 (full 0):
 PSYoungGen      total 152576K, used 14790K [0x0000000716500000, 0x0000000720f00000, 0x00000007c0000000)
  eden space 131072K, 0% used [0x0000000716500000,0x0000000716500000,0x000000071e500000)
  from space 21504K, 68% used [0x000000071e500000,0x000000071f371898,0x000000071fa00000)
  to   space 21504K, 0% used [0x000000071fa00000,0x000000071fa00000,0x0000000720f00000)
 ParOldGen       total 348160K, used 24K [0x00000005c2e00000, 0x00000005d8200000, 0x0000000716500000)
  object space 348160K, 0% used [0x00000005c2e00000,0x00000005c2e06000,0x00000005d8200000)
 Metaspace       used 19768K, capacity 21186K, committed 21296K, reserved 1067008K
  class space    used 2565K, capacity 2859K, committed 2944K, reserved 1048576K
}
Event: 2.213 GC heap before
{Heap before GC invocations=2 (full 1):
 PSYoungGen      total 152576K, used 14790K [0x0000000716500000, 0x0000000720f00000, 0x00000007c0000000)
  eden space 131072K, 0% used [0x0000000716500000,0x0000000716500000,0x000000071e500000)
  from space 21504K, 68% used [0x000000071e500000,0x000000071f371898,0x000000071fa00000)
  to   space 21504K, 0% used [0x000000071fa00000,0x000000071fa00000,0x0000000720f00000)
 ParOldGen       total 348160K, used 24K [0x00000005c2e00000, 0x00000005d8200000, 0x0000000716500000)
  object space 348160K, 0% used [0x00000005c2e00000,0x00000005c2e06000,0x00000005d8200000)
 Metaspace       used 19768K, capacity 21186K, committed 21296K, reserved 1067008K
  class space    used 2565K, capacity 2859K, committed 2944K, reserved 1048576K
Event: 2.243 GC heap after
Heap after GC invocations=2 (full 1):
 PSYoungGen      total 152576K, used 0K [0x0000000716500000, 0x0000000720f00000, 0x00000007c0000000)
  eden space 131072K, 0% used [0x0000000716500000,0x0000000716500000,0x000000071e500000)
  from space 21504K, 0% used [0x000000071e500000,0x000000071e500000,0x000000071fa00000)
  to   space 21504K, 0% used [0x000000071fa00000,0x000000071fa00000,0x0000000720f00000)
 ParOldGen       total 242688K, used 14032K [0x00000005c2e00000, 0x00000005d1b00000, 0x0000000716500000)
  object space 242688K, 5% used [0x00000005c2e00000,0x00000005c3bb4288,0x00000005d1b00000)
 Metaspace       used 19768K, capacity 21186K, committed 21296K, reserved 1067008K
  class space    used 2565K, capacity 2859K, committed 2944K, reserved 1048576K
}
Event: 3.842 GC heap before
{Heap before GC invocations=3 (full 1):
 PSYoungGen      total 152576K, used 131072K [0x0000000716500000, 0x0000000720f00000, 0x00000007c0000000)
  eden space 131072K, 100% used [0x0000000716500000,0x000000071e500000,0x000000071e500000)
  from space 21504K, 0% used [0x000000071e500000,0x000000071e500000,0x000000071fa00000)
  to   space 21504K, 0% used [0x000000071fa00000,0x000000071fa00000,0x0000000720f00000)
 ParOldGen       total 242688K, used 14032K [0x00000005c2e00000, 0x00000005d1b00000, 0x0000000716500000)
  object space 242688K, 5% used [0x00000005c2e00000,0x00000005c3bb4288,0x00000005d1b00000)
 Metaspace       used 29343K, capacity 31368K, committed 31488K, reserved 1077248K
  class space    used 3895K, capacity 4288K, committed 4352K, reserved 1048576K
Event: 3.857 GC heap after
Heap after GC invocations=3 (full 1):
 PSYoungGen      total 152576K, used 12778K [0x0000000716500000, 0x0000000720f00000, 0x00000007c0000000)
  eden space 131072K, 0% used [0x0000000716500000,0x0000000716500000,0x000000071e500000)
  from space 21504K, 59% used [0x000000071fa00000,0x000000072067ab70,0x0000000720f00000)
  to   space 21504K, 0% used [0x000000071e500000,0x000000071e500000,0x000000071fa00000)
 ParOldGen       total 242688K, used 14040K [0x00000005c2e00000, 0x00000005d1b00000, 0x0000000716500000)
  object space 242688K, 5% used [0x00000005c2e00000,0x00000005c3bb6288,0x00000005d1b00000)
 Metaspace       used 29343K, capacity 31368K, committed 31488K, reserved 1077248K
  class space    used 3895K, capacity 4288K, committed 4352K, reserved 1048576K
}

